<?xml version="1.0" encoding="utf-8"?><testsuites name="pytest tests"><testsuite name="pytest" errors="0" failures="0" skipped="0" tests="38" time="32.951" timestamp="2026-06-18T19:42:10.314284+00:00" hostname="agent-env-a7701a06-97b5-4c41-8859-65335145966c"><testcase classname="backend.tests.test_amed_api" name="test_root" time="0.222" /><testcase classname="backend.tests.test_amed_api" name="test_health" time="0.117" /><testcase classname="backend.tests.test_amed_api" name="test_auth_me_no_token" time="0.135" /><testcase classname="backend.tests.test_amed_api" name="test_auth_me_invalid_token" time="0.126" /><testcase classname="backend.tests.test_amed_api" name="test_auth_me_valid_student" time="0.156" /><testcase classname="backend.tests.test_amed_api" name="test_auth_session_invalid_id" time="0.378" /><testcase classname="backend.tests.test_amed_api" name="test_cases_requires_auth" time="0.147" /><testcase classname="backend.tests.test_amed_api" name="test_cases_list_student" time="0.128" /><testcase classname="backend.tests.test_amed_api" name="test_case_detail" time="0.258" /><testcase classname="backend.tests.test_amed_api" name="test_case_create_student_forbidden" time="0.117" /><testcase classname="backend.tests.test_amed_api" name="test_case_create_teacher_ok" time="0.262" /><testcase classname="backend.tests.test_amed_api" name="test_simulation_start_and_list" time="0.641" /><testcase classname="backend.tests.test_amed_api" name="test_simulation_start_invalid_case" time="0.152" /><testcase classname="backend.tests.test_amed_api" name="test_simulation_chat_streams" time="6.692" /><testcase classname="backend.tests.test_amed_api" name="test_dashboard_stats" time="0.119" /><testcase classname="backend.tests.test_amed_api" name="test_dashboard_competencies" time="0.112" /><testcase classname="backend.tests.test_amed_api" name="test_dashboard_trends" time="0.113" /><testcase classname="backend.tests.test_amed_api" name="test_manual_eval_requires_auth" time="15.633" /><testcase classname="backend.tests.test_amed_api" name="test_manual_eval_student_forbidden" time="0.671" /><testcase classname="backend.tests.test_amed_api" name="test_manual_eval_teacher_create_and_persist" time="0.711" /><testcase classname="backend.tests.test_amed_api" name="test_manual_eval_duplicate_rejected" time="0.809" /><testcase classname="backend.tests.test_amed_api" name="test_manual_eval_invalid_sim" time="0.112" /><testcase classname="backend.tests.test_amed_api" name="test_eval_count_self_student" time="0.215" /><testcase classname="backend.tests.test_amed_api" name="test_eval_count_other_user_student_forbidden" time="0.106" /><testcase classname="backend.tests.test_amed_api" name="test_eval_count_teacher_any_user" time="0.220" /><testcase classname="backend.tests.test_amed_api" name="test_eval_count_increments_after_manual" time="1.033" /><testcase classname="backend.tests.test_amed_api" name="test_users_list_student_forbidden" time="0.104" /><testcase classname="backend.tests.test_amed_api" name="test_users_list_teacher_only_students" time="0.218" /><testcase classname="backend.tests.test_amed_api" name="test_group_create_student_forbidden" time="0.102" /><testcase classname="backend.tests.test_amed_api" name="test_group_full_crud_teacher" time="0.980" /><testcase classname="backend.tests.test_amed_api" name="test_group_update_not_owner_forbidden" time="0.319" /><testcase classname="backend.tests.test_amed_api" name="test_assignment_directed_individual" time="0.542" /><testcase classname="backend.tests.test_amed_api" name="test_assignment_random_requires_filters" time="0.116" /><testcase classname="backend.tests.test_amed_api" name="test_assignment_random_with_filters" time="0.106" /><testcase classname="backend.tests.test_amed_api" name="test_assignment_directed_missing_case_id" time="0.099" /><testcase classname="backend.tests.test_amed_api" name="test_assignment_create_student_forbidden" time="0.107" /><testcase classname="backend.tests.test_amed_api" name="test_assignment_group_flow" time="0.486" /><testcase classname="backend.tests.test_amed_api" name="test_assignments_my_cases_teacher_forbidden" time="0.098" /></testsuite></testsuites>