<?xml version="1.0" encoding="utf-8"?><testsuites name="pytest tests"><testsuite name="pytest" errors="0" failures="0" skipped="0" tests="17" time="8.377" timestamp="2026-06-11T06:29:53.057890+00:00" hostname="agent-env-a7701a06-97b5-4c41-8859-65335145966c"><testcase classname="tests.test_amed_api" name="test_root" time="0.247" /><testcase classname="tests.test_amed_api" name="test_health" time="0.147" /><testcase classname="tests.test_amed_api" name="test_auth_me_no_token" time="0.171" /><testcase classname="tests.test_amed_api" name="test_auth_me_invalid_token" time="0.235" /><testcase classname="tests.test_amed_api" name="test_auth_me_valid_student" time="0.110" /><testcase classname="tests.test_amed_api" name="test_auth_session_invalid_id" time="0.258" /><testcase classname="tests.test_amed_api" name="test_cases_requires_auth" time="0.153" /><testcase classname="tests.test_amed_api" name="test_cases_list_student" time="0.147" /><testcase classname="tests.test_amed_api" name="test_case_detail" time="0.269" /><testcase classname="tests.test_amed_api" name="test_case_create_student_forbidden" time="0.118" /><testcase classname="tests.test_amed_api" name="test_case_create_teacher_ok" time="0.266" /><testcase classname="tests.test_amed_api" name="test_simulation_start_and_list" time="0.809" /><testcase classname="tests.test_amed_api" name="test_simulation_start_invalid_case" time="0.098" /><testcase classname="tests.test_amed_api" name="test_simulation_chat_streams" time="4.693" /><testcase classname="tests.test_amed_api" name="test_dashboard_stats" time="0.115" /><testcase classname="tests.test_amed_api" name="test_dashboard_competencies" time="0.119" /><testcase classname="tests.test_amed_api" name="test_dashboard_trends" time="0.111" /></testsuite></testsuites>